Traceback (most recent call last):
  File "/home/kwoksun2/anaconda3/lib/python3.8/site-packages/jupyter_cache/executors/utils.py", line 51, in single_nb_execution
    executenb(
  File "/home/kwoksun2/anaconda3/lib/python3.8/site-packages/nbclient/client.py", line 1204, in execute
    return NotebookClient(nb=nb, resources=resources, km=km, **kwargs).execute()
  File "/home/kwoksun2/anaconda3/lib/python3.8/site-packages/nbclient/util.py", line 84, in wrapped
    return just_run(coro(*args, **kwargs))
  File "/home/kwoksun2/anaconda3/lib/python3.8/site-packages/nbclient/util.py", line 62, in just_run
    return loop.run_until_complete(coro)
  File "/home/kwoksun2/anaconda3/lib/python3.8/asyncio/base_events.py", line 616, in run_until_complete
    return future.result()
  File "/home/kwoksun2/anaconda3/lib/python3.8/site-packages/nbclient/client.py", line 663, in async_execute
    await self.async_execute_cell(
  File "/home/kwoksun2/anaconda3/lib/python3.8/site-packages/nbclient/client.py", line 965, in async_execute_cell
    await self._check_raise_for_error(cell, cell_index, exec_reply)
  File "/home/kwoksun2/anaconda3/lib/python3.8/site-packages/nbclient/client.py", line 862, in _check_raise_for_error
    raise CellExecutionError.from_cell_and_msg(cell, exec_reply_content)
nbclient.exceptions.CellExecutionError: An error occurred while executing the following cell:
------------------
from pygrackle import \
 FluidContainer, \
 chemistry_data, \
 evolve_constant_density

from pygrackle.utilities.physical_constants import \
 mass_hydrogen_cgs, \
 sec_per_Myr, \
 cm_per_mpc

import dengo
from dengo.chemical_network import \
 ChemicalNetwork, \
 reaction_registry, \
 cooling_registry, species_registry
import dengo.primordial_rates
import dengo.primordial_cooling
------------------

[0;31m---------------------------------------------------------------------------[0m
[0;31mImportError[0m                               Traceback (most recent call last)
Input [0;32mIn [1][0m, in [0;36m<cell line: 1>[0;34m()[0m
[0;32m----> 1[0m [38;5;28;01mfrom[39;00m [38;5;21;01mpygrackle[39;00m [38;5;28;01mimport[39;00m \
[1;32m      2[0m  FluidContainer, \
[1;32m      3[0m  chemistry_data, \
[1;32m      4[0m  evolve_constant_density
[1;32m      6[0m [38;5;28;01mfrom[39;00m [38;5;21;01mpygrackle[39;00m[38;5;21;01m.[39;00m[38;5;21;01mutilities[39;00m[38;5;21;01m.[39;00m[38;5;21;01mphysical_constants[39;00m [38;5;28;01mimport[39;00m \
[1;32m      7[0m  mass_hydrogen_cgs, \
[1;32m      8[0m  sec_per_Myr, \
[1;32m      9[0m  cm_per_mpc
[1;32m     11[0m [38;5;28;01mimport[39;00m [38;5;21;01mdengo[39;00m

File [0;32m~/grackle/src/python/pygrackle/__init__.py:14[0m, in [0;36m<module>[0;34m[0m
[1;32m      1[0m [38;5;66;03m########################################################################[39;00m
[1;32m      2[0m [38;5;66;03m#[39;00m
[1;32m      3[0m [38;5;66;03m# Pygrackle imports[39;00m
[0;32m   (...)[0m
[1;32m     11[0m [38;5;66;03m# software.[39;00m
[1;32m     12[0m [38;5;66;03m########################################################################[39;00m
[0;32m---> 14[0m [38;5;28;01mfrom[39;00m [38;5;21;01m.[39;00m[38;5;21;01mfluid_container[39;00m [38;5;28;01mimport[39;00m \
[1;32m     15[0m     FluidContainer
[1;32m     17[0m [38;5;28;01mfrom[39;00m [38;5;21;01m.[39;00m[38;5;21;01mgrackle_wrapper[39;00m [38;5;28;01mimport[39;00m \
[1;32m     18[0m     chemistry_data
[1;32m     20[0m [38;5;28;01mfrom[39;00m [38;5;21;01m.[39;00m[38;5;21;01mutilities[39;00m[38;5;21;01m.[39;00m[38;5;21;01mconvenience[39;00m [38;5;28;01mimport[39;00m \
[1;32m     21[0m     setup_fluid_container

File [0;32m~/grackle/src/python/pygrackle/fluid_container.py:16[0m, in [0;36m<module>[0;34m[0m
[1;32m      1[0m [38;5;66;03m########################################################################[39;00m
[1;32m      2[0m [38;5;66;03m#[39;00m
[1;32m      3[0m [38;5;66;03m# Grackle python fluid container[39;00m
[0;32m   (...)[0m
[1;32m     11[0m [38;5;66;03m# software.[39;00m
[1;32m     12[0m [38;5;66;03m########################################################################[39;00m
[1;32m     14[0m [38;5;28;01mimport[39;00m [38;5;21;01mnumpy[39;00m [38;5;28;01mas[39;00m [38;5;21;01mnp[39;00m
[0;32m---> 16[0m [38;5;28;01mfrom[39;00m [38;5;21;01mpygrackle[39;00m[38;5;21;01m.[39;00m[38;5;21;01mgrackle_wrapper[39;00m [38;5;28;01mimport[39;00m \
[1;32m     17[0m     calculate_cooling_time, \
[1;32m     18[0m     calculate_gamma, \
[1;32m     19[0m     calculate_pressure, \
[1;32m     20[0m     calculate_temperature, \
[1;32m     21[0m     calculate_dust_temperature, \
[1;32m     22[0m     solve_chemistry
[1;32m     24[0m [38;5;28;01mfrom[39;00m [38;5;21;01mpygrackle[39;00m[38;5;21;01m.[39;00m[38;5;21;01mutilities[39;00m[38;5;21;01m.[39;00m[38;5;21;01mmisc[39;00m [38;5;28;01mimport[39;00m \
[1;32m     25[0m     issue_deprecation_warning
[1;32m     27[0m [38;5;28;01mfrom[39;00m [38;5;21;01mpygrackle[39;00m[38;5;21;01m.[39;00m[38;5;21;01mutilities[39;00m[38;5;21;01m.[39;00m[38;5;21;01mphysical_constants[39;00m [38;5;28;01mimport[39;00m \
[1;32m     28[0m     mass_hydrogen_cgs

[0;31mImportError[0m: libgrackle-3.2.dev2.so: cannot open shared object file: No such file or directory
ImportError: libgrackle-3.2.dev2.so: cannot open shared object file: No such file or directory

